{
  "stats": {
    "suites": 2,
    "tests": 5,
    "passes": 5,
    "pending": 0,
    "failures": 0,
    "start": "2023-11-14T06:44:57.148Z",
    "end": "2023-11-14T06:44:58.461Z",
    "duration": 1313,
    "testsRegistered": 5,
    "passPercent": 100,
    "pendingPercent": 0,
    "other": 0,
    "hasOther": false,
    "skipped": 0,
    "hasSkipped": false
  },
  "results": [
    {
      "uuid": "80e73d83-e31c-4cf6-a098-937b5ec6dc63",
      "title": "",
      "fullFile": "cypress/api/spec.spec.js",
      "file": "cypress/api/spec.spec.js",
      "beforeHooks": [],
      "afterHooks": [],
      "tests": [],
      "suites": [
        {
          "uuid": "5344ac01-42e2-4a6c-b9e9-19a98910b7c0",
          "title": "CRUD - USER",
          "fullFile": "",
          "file": "",
          "beforeHooks": [],
          "afterHooks": [],
          "tests": [
            {
              "title": "Deve cadastrar user com sucesso",
              "fullTitle": "CRUD - USER Deve cadastrar user com sucesso",
              "timedOut": null,
              "duration": 206,
              "state": "passed",
              "speed": "fast",
              "pass": true,
              "fail": false,
              "pending": false,
              "context": null,
              "code": "cy.postUser(user).then(res => {\n  expect(res.status).to.eql(201);\n  expect(res.body.message).to.eql('Cadastro realizado com sucesso');\n  Cypress.env('userId', res.body._id);\n});",
              "err": {},
              "uuid": "9dc81faf-ddb1-4cb4-bc73-a2c2fa2f2a56",
              "parentUUID": "5344ac01-42e2-4a6c-b9e9-19a98910b7c0",
              "isHook": false,
              "skipped": false
            },
            {
              "title": "Deve listar user pelo Id",
              "fullTitle": "CRUD - USER Deve listar user pelo Id",
              "timedOut": null,
              "duration": 174,
              "state": "passed",
              "speed": "fast",
              "pass": true,
              "fail": false,
              "pending": false,
              "context": null,
              "code": "cy.api({\n  method: 'GET',\n  url: `/usuarios/${Cypress.env('userId')}`\n}).then(res => {\n  expect(res.status).to.eql(200);\n  expect(res.body.nome).to.equal(user.postName);\n  expect(res.body.email).to.equal(user.email);\n  expect(res.body._id).to.eql(Cypress.env('userId', res.body._id));\n});",
              "err": {},
              "uuid": "08cd6908-d26b-492b-b0de-bf9fe2991b70",
              "parentUUID": "5344ac01-42e2-4a6c-b9e9-19a98910b7c0",
              "isHook": false,
              "skipped": false
            },
            {
              "title": "Deve editar user",
              "fullTitle": "CRUD - USER Deve editar user",
              "timedOut": null,
              "duration": 301,
              "state": "passed",
              "speed": "fast",
              "pass": true,
              "fail": false,
              "pending": false,
              "context": null,
              "code": "cy.api({\n  method: 'PUT',\n  url: `/usuarios/${Cypress.env('userId')}`,\n  body: {\n    \"nome\": user.putName,\n    \"email\": user.email,\n    \"password\": \"teste\",\n    \"administrador\": \"true\"\n  }\n}).then(res => {\n  expect(res.status).to.eql(200);\n  expect(res.body.message).to.equal('Registro alterado com sucesso');\n});\ncy.log('consultando user pelo Id');\ncy.api({\n  method: 'GET',\n  url: `/usuarios/${Cypress.env('userId')}`\n}).then(res => {\n  expect(res.status).to.eql(200);\n  expect(res.body.nome).to.equal(user.putName);\n  expect(res.body.email).to.equal(user.email);\n  expect(res.body._id).to.eql(Cypress.env('userId', res.body._id));\n});",
              "err": {},
              "uuid": "df6f3796-5db0-476f-94d4-32351949c5bd",
              "parentUUID": "5344ac01-42e2-4a6c-b9e9-19a98910b7c0",
              "isHook": false,
              "skipped": false
            },
            {
              "title": "Deve excluir user",
              "fullTitle": "CRUD - USER Deve excluir user",
              "timedOut": null,
              "duration": 295,
              "state": "passed",
              "speed": "fast",
              "pass": true,
              "fail": false,
              "pending": false,
              "context": null,
              "code": "cy.api({\n  method: 'DELETE',\n  url: `/usuarios/${Cypress.env('userId')}`\n}).then(res => {\n  expect(res.status).to.eql(200);\n  expect(res.body.message).to.equal('Registro excluído com sucesso');\n});\ncy.log('Validando que o user foi excluido, consultando pelo ID');\ncy.api({\n  failOnStatusCode: false,\n  method: 'GET',\n  url: `/usuarios/${Cypress.env('userId')}`\n}).then(res => {\n  expect(res.status).to.eql(400);\n  expect(res.body.message).to.equal('Usuário não encontrado');\n});",
              "err": {},
              "uuid": "0803558d-e268-4663-b072-4ec768a32bd1",
              "parentUUID": "5344ac01-42e2-4a6c-b9e9-19a98910b7c0",
              "isHook": false,
              "skipped": false
            }
          ],
          "suites": [],
          "passes": [
            "9dc81faf-ddb1-4cb4-bc73-a2c2fa2f2a56",
            "08cd6908-d26b-492b-b0de-bf9fe2991b70",
            "df6f3796-5db0-476f-94d4-32351949c5bd",
            "0803558d-e268-4663-b072-4ec768a32bd1"
          ],
          "failures": [],
          "pending": [],
          "skipped": [],
          "duration": 976,
          "root": false,
          "rootEmpty": false,
          "_timeout": 2000
        },
        {
          "uuid": "bace43ca-81e1-4fd9-93cb-b2e0d59684f0",
          "title": "Testes funcionais - USER",
          "fullFile": "",
          "file": "",
          "beforeHooks": [],
          "afterHooks": [],
          "tests": [
            {
              "title": "Não deve cadastrar mais de um user com mesmo e-mail",
              "fullTitle": "Testes funcionais - USER Não deve cadastrar mais de um user com mesmo e-mail",
              "timedOut": null,
              "duration": 288,
              "state": "passed",
              "speed": "fast",
              "pass": true,
              "fail": false,
              "pending": false,
              "context": null,
              "code": "cy.postUser(user).then(res => {\n  expect(res.status).to.eql(201);\n  expect(res.body.message).to.eql('Cadastro realizado com sucesso');\n  Cypress.env('userId', res.body._id);\n});\ncy.log('tentativa de cadastro duplicado');\ncy.postUser(user).then(res => {\n  expect(res.status).to.eql(400);\n  expect(res.body.message).to.eql('Este email já está sendo usado');\n});",
              "err": {},
              "uuid": "9fdc1e8e-3d5f-43d0-bf2b-205627e8fef5",
              "parentUUID": "bace43ca-81e1-4fd9-93cb-b2e0d59684f0",
              "isHook": false,
              "skipped": false
            }
          ],
          "suites": [],
          "passes": [
            "9fdc1e8e-3d5f-43d0-bf2b-205627e8fef5"
          ],
          "failures": [],
          "pending": [],
          "skipped": [],
          "duration": 288,
          "root": false,
          "rootEmpty": false,
          "_timeout": 2000
        }
      ],
      "passes": [],
      "failures": [],
      "pending": [],
      "skipped": [],
      "duration": 0,
      "root": true,
      "rootEmpty": true,
      "_timeout": 2000
    }
  ],
  "meta": {
    "mocha": {
      "version": "7.0.1"
    },
    "mochawesome": {
      "options": {
        "quiet": true,
        "reportFilename": "mochawesome",
        "saveHtml": false,
        "saveJson": true,
        "consoleReporter": "spec",
        "useInlineDiffs": false,
        "code": true
      },
      "version": "7.1.3"
    },
    "marge": {
      "options": {
        "id": "default",
        "reportDir": "cypress/results/json",
        "quiet": true,
        "overwrite": false,
        "html": false,
        "json": true,
        "video": true,
        "videosFolder": "cypress/results/videos"
      },
      "version": "6.2.0"
    }
  }
}