{
  "stats": {
    "suites": 2,
    "tests": 10,
    "passes": 10,
    "pending": 0,
    "failures": 0,
    "start": "2023-11-14T06:44:49.097Z",
    "end": "2023-11-14T06:44:51.111Z",
    "duration": 2014,
    "testsRegistered": 10,
    "passPercent": 100,
    "pendingPercent": 0,
    "other": 0,
    "hasOther": false,
    "skipped": 0,
    "hasSkipped": false
  },
  "results": [
    {
      "uuid": "e38c2230-7329-4cbc-861a-8ebcd0c826ca",
      "title": "",
      "fullFile": "cypress/api/api_produtos_funcionais.spec.js",
      "file": "cypress/api/api_produtos_funcionais.spec.js",
      "beforeHooks": [],
      "afterHooks": [],
      "tests": [],
      "suites": [
        {
          "uuid": "a6e783f1-eeea-48f1-bc02-1681d1321119",
          "title": "Testes Funcionais - Produtos",
          "fullFile": "",
          "file": "",
          "beforeHooks": [],
          "afterHooks": [],
          "tests": [
            {
              "title": "POST - Deve validar mensagem de Produto com nome duplicado",
              "fullTitle": "Testes Funcionais - Produtos POST - Deve validar mensagem de Produto com nome duplicado",
              "timedOut": null,
              "duration": 469,
              "state": "passed",
              "speed": "fast",
              "pass": true,
              "fail": false,
              "pending": false,
              "context": null,
              "code": "newProduct = produtosFixture.createRandomProduct();\nrequest.cadastrarProduto(Cypress.env('authToken'), newProduct).then(res => {\n  expect(res.status).to.eql(201);\n  expect(res.body.message).to.be.eql('Cadastro realizado com sucesso');\n});\nrequest.cadastrarProduto(Cypress.env('authToken'), newProduct).then(res => {\n  expect(res.status).to.eql(400);\n  expect(res.body.message).to.be.eql('Já existe produto com esse nome');\n});",
              "err": {},
              "uuid": "89038e85-9f92-439d-87e2-78233b04d058",
              "parentUUID": "a6e783f1-eeea-48f1-bc02-1681d1321119",
              "isHook": false,
              "skipped": false
            },
            {
              "title": "POST - Deve validar mensagem de token de acesso ausente",
              "fullTitle": "Testes Funcionais - Produtos POST - Deve validar mensagem de token de acesso ausente",
              "timedOut": null,
              "duration": 151,
              "state": "passed",
              "speed": "fast",
              "pass": true,
              "fail": false,
              "pending": false,
              "context": null,
              "code": "request.cadastrarProduto('', newProduct).then(res => {\n  expect(res.status).to.eql(401);\n  expect(res.body.message).to.be.eql('Token de acesso ausente, inválido, expirado ou usuário do token não existe mais');\n});",
              "err": {},
              "uuid": "4a9a9306-7adb-49da-b1f8-7ed0b3c37b18",
              "parentUUID": "a6e783f1-eeea-48f1-bc02-1681d1321119",
              "isHook": false,
              "skipped": false
            },
            {
              "title": "GET - Deve validar mensagem de produto não encontrado",
              "fullTitle": "Testes Funcionais - Produtos GET - Deve validar mensagem de produto não encontrado",
              "timedOut": null,
              "duration": 164,
              "state": "passed",
              "speed": "fast",
              "pass": true,
              "fail": false,
              "pending": false,
              "context": null,
              "code": "request.buscarProdutoPorId('111111', Cypress.env('authToken')).then(res => {\n  expect(res.status).to.eql(400);\n  expect(res.body.message).to.be.equal('Produto não encontrado');\n});",
              "err": {},
              "uuid": "5d5aab0d-13fb-47a2-9503-89d2a196f11c",
              "parentUUID": "a6e783f1-eeea-48f1-bc02-1681d1321119",
              "isHook": false,
              "skipped": false
            },
            {
              "title": "DELETE - Deve validar mensagem de nenhum registro excluído",
              "fullTitle": "Testes Funcionais - Produtos DELETE - Deve validar mensagem de nenhum registro excluído",
              "timedOut": null,
              "duration": 151,
              "state": "passed",
              "speed": "fast",
              "pass": true,
              "fail": false,
              "pending": false,
              "context": null,
              "code": "request.excluirProduto('111111', Cypress.env('authToken')).then(res => {\n  expect(res.status).to.eql(200);\n  expect(res.body.message).to.be.eql('Nenhum registro excluído');\n});",
              "err": {},
              "uuid": "05b8b579-9512-4c6c-bbf8-1f7c13ba5bd7",
              "parentUUID": "a6e783f1-eeea-48f1-bc02-1681d1321119",
              "isHook": false,
              "skipped": false
            },
            {
              "title": "DELETE - Deve validar mensagem de token de acesso ausente",
              "fullTitle": "Testes Funcionais - Produtos DELETE - Deve validar mensagem de token de acesso ausente",
              "timedOut": null,
              "duration": 150,
              "state": "passed",
              "speed": "fast",
              "pass": true,
              "fail": false,
              "pending": false,
              "context": null,
              "code": "request.excluirProduto(Cypress.env('productId'), '').then(res => {\n  expect(res.status).to.eql(401);\n  expect(res.body.message).to.be.eql('Token de acesso ausente, inválido, expirado ou usuário do token não existe mais');\n});",
              "err": {},
              "uuid": "a1c11304-a167-44ec-8efa-315d7ab8202a",
              "parentUUID": "a6e783f1-eeea-48f1-bc02-1681d1321119",
              "isHook": false,
              "skipped": false
            },
            {
              "title": "PUT - Deve validar mensagem de Produto com nome duplicado",
              "fullTitle": "Testes Funcionais - Produtos PUT - Deve validar mensagem de Produto com nome duplicado",
              "timedOut": null,
              "duration": 155,
              "state": "passed",
              "speed": "fast",
              "pass": true,
              "fail": false,
              "pending": false,
              "context": null,
              "code": "request.editarProduto(Cypress.env('productId'), Cypress.env('authToken'), newProduct).then(res => {\n  expect(res.status).to.eql(400);\n  expect(res.body.message).to.be.eql('Já existe produto com esse nome');\n});",
              "err": {},
              "uuid": "f4feafe9-415b-4aea-981b-c8417da74767",
              "parentUUID": "a6e783f1-eeea-48f1-bc02-1681d1321119",
              "isHook": false,
              "skipped": false
            },
            {
              "title": "PUT - Deve validar mensagem de Produto com nome duplicado",
              "fullTitle": "Testes Funcionais - Produtos PUT - Deve validar mensagem de Produto com nome duplicado",
              "timedOut": null,
              "duration": 147,
              "state": "passed",
              "speed": "fast",
              "pass": true,
              "fail": false,
              "pending": false,
              "context": null,
              "code": "request.editarProduto(Cypress.env('productId'), '', newProduct).then(res => {\n  expect(res.status).to.eql(401);\n  expect(res.body.message).to.be.eql('Token de acesso ausente, inválido, expirado ou usuário do token não existe mais');\n});",
              "err": {},
              "uuid": "f20c7a59-e063-42ea-99b5-ac83ee9a7ce8",
              "parentUUID": "a6e783f1-eeea-48f1-bc02-1681d1321119",
              "isHook": false,
              "skipped": false
            }
          ],
          "suites": [],
          "passes": [
            "89038e85-9f92-439d-87e2-78233b04d058",
            "4a9a9306-7adb-49da-b1f8-7ed0b3c37b18",
            "5d5aab0d-13fb-47a2-9503-89d2a196f11c",
            "05b8b579-9512-4c6c-bbf8-1f7c13ba5bd7",
            "a1c11304-a167-44ec-8efa-315d7ab8202a",
            "f4feafe9-415b-4aea-981b-c8417da74767",
            "f20c7a59-e063-42ea-99b5-ac83ee9a7ce8"
          ],
          "failures": [],
          "pending": [],
          "skipped": [],
          "duration": 1387,
          "root": false,
          "rootEmpty": false,
          "_timeout": 2000
        },
        {
          "uuid": "ad7f8853-8ff3-4465-b7f8-9f81acf24b34",
          "title": "Teste Funcionais - Produtos - Usuário não autorizado",
          "fullFile": "",
          "file": "",
          "beforeHooks": [],
          "afterHooks": [],
          "tests": [
            {
              "title": "POST - Não deve permitir o cadastro de produto quando o usuario não é administrador",
              "fullTitle": "Teste Funcionais - Produtos - Usuário não autorizado POST - Não deve permitir o cadastro de produto quando o usuario não é administrador",
              "timedOut": null,
              "duration": 286,
              "state": "passed",
              "speed": "fast",
              "pass": true,
              "fail": false,
              "pending": false,
              "context": null,
              "code": "newProduct = produtosFixture.createRandomProduct();\nrequest.cadastrarProduto(Cypress.env('authToken'), newProduct).then(res => {\n  expect(res.status).to.eql(403);\n  expect(res.body.message).to.be.eql('Rota exclusiva para administradores');\n});",
              "err": {},
              "uuid": "93aa8142-7935-4b31-b864-9b0c0b0b1775",
              "parentUUID": "ad7f8853-8ff3-4465-b7f8-9f81acf24b34",
              "isHook": false,
              "skipped": false
            },
            {
              "title": "DELETE - Não deve permitir a exclusão de produto quando o usuario não é administrador",
              "fullTitle": "Teste Funcionais - Produtos - Usuário não autorizado DELETE - Não deve permitir a exclusão de produto quando o usuario não é administrador",
              "timedOut": null,
              "duration": 148,
              "state": "passed",
              "speed": "fast",
              "pass": true,
              "fail": false,
              "pending": false,
              "context": null,
              "code": "request.excluirProduto(Cypress.env('productId'), Cypress.env('authToken')).then(res => {\n  expect(res.status).to.eql(403);\n  expect(res.body.message).to.be.eql('Rota exclusiva para administradores');\n});",
              "err": {},
              "uuid": "0aed6c2b-73b8-4f26-8694-077028b264f9",
              "parentUUID": "ad7f8853-8ff3-4465-b7f8-9f81acf24b34",
              "isHook": false,
              "skipped": false
            },
            {
              "title": "PUT - Não deve permitir a edição de produto quando o usuario não é administrador",
              "fullTitle": "Teste Funcionais - Produtos - Usuário não autorizado PUT - Não deve permitir a edição de produto quando o usuario não é administrador",
              "timedOut": null,
              "duration": 149,
              "state": "passed",
              "speed": "fast",
              "pass": true,
              "fail": false,
              "pending": false,
              "context": null,
              "code": "putProduct = produtosFixture.createRandomProduct();\nrequest.editarProduto(Cypress.env('productId'), Cypress.env('authToken'), putProduct).then(res => {\n  expect(res.status).to.eql(403);\n  expect(res.body.message).to.be.eql('Rota exclusiva para administradores');\n});",
              "err": {},
              "uuid": "50972e28-fd8c-418c-b979-c97c194369ec",
              "parentUUID": "ad7f8853-8ff3-4465-b7f8-9f81acf24b34",
              "isHook": false,
              "skipped": false
            }
          ],
          "suites": [],
          "passes": [
            "93aa8142-7935-4b31-b864-9b0c0b0b1775",
            "0aed6c2b-73b8-4f26-8694-077028b264f9",
            "50972e28-fd8c-418c-b979-c97c194369ec"
          ],
          "failures": [],
          "pending": [],
          "skipped": [],
          "duration": 583,
          "root": false,
          "rootEmpty": false,
          "_timeout": 2000
        }
      ],
      "passes": [],
      "failures": [],
      "pending": [],
      "skipped": [],
      "duration": 0,
      "root": true,
      "rootEmpty": true,
      "_timeout": 2000
    }
  ],
  "meta": {
    "mocha": {
      "version": "7.0.1"
    },
    "mochawesome": {
      "options": {
        "quiet": true,
        "reportFilename": "mochawesome",
        "saveHtml": false,
        "saveJson": true,
        "consoleReporter": "spec",
        "useInlineDiffs": false,
        "code": true
      },
      "version": "7.1.3"
    },
    "marge": {
      "options": {
        "id": "default",
        "reportDir": "cypress/results/json",
        "quiet": true,
        "overwrite": false,
        "html": false,
        "json": true,
        "video": true,
        "videosFolder": "cypress/results/videos"
      },
      "version": "6.2.0"
    }
  }
}